<?xml version="1.0" encoding="UTF-8"?>
<testsuite name="agh.ics.oop.IWorldMapTest" tests="4" skipped="0" failures="0" errors="0" timestamp="2021-11-17T16:34:32" hostname="VeraQ" time="0.092">
  <properties/>
  <testcase name="rectangularPlaceTest()" classname="agh.ics.oop.IWorldMapTest" time="0.059"/>
  <testcase name="canMoveToTest()" classname="agh.ics.oop.IWorldMapTest" time="0.009"/>
  <testcase name="grassFieldPlaceTest()" classname="agh.ics.oop.IWorldMapTest" time="0.004"/>
  <testcase name="grassFieldIsAnimalInsteadOfGrassTest()" classname="agh.ics.oop.IWorldMapTest" time="0.011"/>
  <system-out><![CDATA[]]></system-out>
  <system-err><![CDATA[]]></system-err>
</testsuite>
