<?xml version="1.0" encoding="UTF-8"?>
<testsuite name="agh.ics.oop.SimulationEngineTest" tests="1" skipped="0" failures="0" errors="0" timestamp="2021-11-04T18:16:32" hostname="VeraQ" time="0.038">
  <properties/>
  <testcase name="test3()" classname="agh.ics.oop.SimulationEngineTest" time="0.038"/>
  <system-out><![CDATA[ y\x  0 1 2 3
  4: ---------
  3: | | | |^|
  2: | | |>|>|
  1: | | | | |
  0: | | | | |
 -1: ---------

]]></system-out>
  <system-err><![CDATA[]]></system-err>
</testsuite>
