<?xml version="1.0" encoding="UTF-8"?>
<testsuite name="agh.ics.oop.Vector2dTest" tests="9" skipped="0" failures="0" errors="0" timestamp="2021-12-16T18:47:09" hostname="VeraQ" time="0.055">
  <properties/>
  <testcase name="upperRight()" classname="agh.ics.oop.Vector2dTest" time="0.028"/>
  <testcase name="addTest()" classname="agh.ics.oop.Vector2dTest" time="0.002"/>
  <testcase name="precedesTest()" classname="agh.ics.oop.Vector2dTest" time="0.002"/>
  <testcase name="oppositeTest()" classname="agh.ics.oop.Vector2dTest" time="0.001"/>
  <testcase name="lowerLeft()" classname="agh.ics.oop.Vector2dTest" time="0.001"/>
  <testcase name="equalsTest()" classname="agh.ics.oop.Vector2dTest" time="0.001"/>
  <testcase name="toStringTest()" classname="agh.ics.oop.Vector2dTest" time="0.009"/>
  <testcase name="subtractTest()" classname="agh.ics.oop.Vector2dTest" time="0.001"/>
  <testcase name="followsTest()" classname="agh.ics.oop.Vector2dTest" time="0.001"/>
  <system-out><![CDATA[]]></system-out>
  <system-err><![CDATA[]]></system-err>
</testsuite>
