<?xml version="1.0" encoding="UTF-8"?>
<testsuite name="Vector2dTest" tests="9" skipped="0" failures="0" errors="0" timestamp="2021-10-27T20:31:07" hostname="VeraQ" time="0.065">
  <properties/>
  <testcase name="upperRight()" classname="Vector2dTest" time="0.027"/>
  <testcase name="addTest()" classname="Vector2dTest" time="0.001"/>
  <testcase name="precedesTest()" classname="Vector2dTest" time="0.002"/>
  <testcase name="oppositeTest()" classname="Vector2dTest" time="0.002"/>
  <testcase name="lowerLeft()" classname="Vector2dTest" time="0.002"/>
  <testcase name="equalsTest()" classname="Vector2dTest" time="0.001"/>
  <testcase name="toStringTest()" classname="Vector2dTest" time="0.014"/>
  <testcase name="subtractTest()" classname="Vector2dTest" time="0.002"/>
  <testcase name="followsTest()" classname="Vector2dTest" time="0.001"/>
  <system-out><![CDATA[]]></system-out>
  <system-err><![CDATA[]]></system-err>
</testsuite>
